[debug] [2022-01-27T12:17:42.993Z] ----------------------------------------------------------------------
[debug] [2022-01-27T12:17:43.004Z] Command:       /home/anupam/.nvm/versions/node/v14.15.1/bin/node /home/anupam/.nvm/versions/node/v14.15.1/bin/firebase init
[debug] [2022-01-27T12:17:43.005Z] CLI Version:   10.1.2
[debug] [2022-01-27T12:17:43.005Z] Platform:      linux
[debug] [2022-01-27T12:17:43.006Z] Node Version:  v14.15.1
[debug] [2022-01-27T12:17:43.006Z] Time:          Thu Jan 27 2022 17:47:43 GMT+0530 (India Standard Time)
[debug] [2022-01-27T12:17:43.007Z] ----------------------------------------------------------------------
[debug] 
[debug] [2022-01-27T12:17:43.023Z] > command requires scopes: ["email","openid","https://www.googleapis.com/auth/cloudplatformprojects.readonly","https://www.googleapis.com/auth/firebase","https://www.googleapis.com/auth/cloud-platform"]
[debug] [2022-01-27T12:17:43.023Z] > authorizing via signed-in user (anupamit011@gmail.com)
[info] 
     ######## #### ########  ######## ########     ###     ######  ########
     ##        ##  ##     ## ##       ##     ##  ##   ##  ##       ##
     ######    ##  ########  ######   ########  #########  ######  ######
     ##        ##  ##    ##  ##       ##     ## ##     ##       ## ##
     ##       #### ##     ## ######## ########  ##     ##  ######  ########

You're about to initialize a Firebase project in this directory:

  /home/anupam/helloworld/sidebar

[info] 
=== Project Setup
[info] 
[info] First, let's associate this project directory with a Firebase project.
[info] You can create multiple project aliases by running firebase use --add, 
[info] but for now we'll just set up a default project.
[info] 
[debug] [2022-01-27T12:19:00.354Z] > refreshing access token with scopes: []
[debug] [2022-01-27T12:19:00.359Z] >>> HTTP REQUEST POST https://www.googleapis.com/oauth2/v3/token  
 <request body omitted>
[debug] [2022-01-27T12:19:00.927Z] <<< HTTP RESPONSE 400 {"cache-control":"no-cache, no-store, max-age=0, must-revalidate","expires":"Mon, 01 Jan 1990 00:00:00 GMT","pragma":"no-cache","date":"Thu, 27 Jan 2022 12:19:00 GMT","content-type":"application/json; charset=utf-8","vary":"X-Origin, Referer, Origin,Accept-Encoding","server":"scaffolding on HTTPServer2","x-xss-protection":"0","x-frame-options":"SAMEORIGIN","x-content-type-options":"nosniff","alt-svc":"h3=\":443\"; ma=2592000,h3-29=\":443\"; ma=2592000,h3-Q050=\":443\"; ma=2592000,h3-Q046=\":443\"; ma=2592000,h3-Q043=\":443\"; ma=2592000,quic=\":443\"; ma=2592000; v=\"46,43\"","accept-ranges":"none","transfer-encoding":"chunked"}
[debug] [2022-01-27T12:19:00.938Z] >>> [apiv2][query] GET https://firebase.googleapis.com/v1beta1/projects pageSize=100
[debug] [2022-01-27T12:19:01.518Z] <<< [apiv2][status] GET https://firebase.googleapis.com/v1beta1/projects 401
[debug] [2022-01-27T12:19:01.519Z] <<< [apiv2][body] GET https://firebase.googleapis.com/v1beta1/projects [omitted]
[debug] [2022-01-27T12:19:01.522Z] HTTP Error: 401, Request had invalid authentication credentials. Expected OAuth 2 access token, login cookie or other valid authentication credential. See https://developers.google.com/identity/sign-in/web/devconsole-project.
[debug] [2022-01-27T12:19:01.984Z] FirebaseError: HTTP Error: 401, Request had invalid authentication credentials. Expected OAuth 2 access token, login cookie or other valid authentication credential. See https://developers.google.com/identity/sign-in/web/devconsole-project.
    at module.exports (/home/anupam/.nvm/versions/node/v14.15.1/lib/node_modules/firebase-tools/lib/responseToError.js:38:12)
    at Client.doRequest (/home/anupam/.nvm/versions/node/v14.15.1/lib/node_modules/firebase-tools/lib/apiv2.js:241:23)
    at processTicksAndRejections (internal/process/task_queues.js:93:5)
    at async Client.request (/home/anupam/.nvm/versions/node/v14.15.1/lib/node_modules/firebase-tools/lib/apiv2.js:96:20)
    at async getProjectPage (/home/anupam/.nvm/versions/node/v14.15.1/lib/node_modules/firebase-tools/lib/management/projects.js:233:17)
    at async getFirebaseProjectPage (/home/anupam/.nvm/versions/node/v14.15.1/lib/node_modules/firebase-tools/lib/management/projects.js:250:23)
    at async selectProjectInteractively (/home/anupam/.nvm/versions/node/v14.15.1/lib/node_modules/firebase-tools/lib/management/projects.js:95:41)
    at async Object.doSetup [as project] (/home/anupam/.nvm/versions/node/v14.15.1/lib/node_modules/firebase-tools/lib/init/features/project.js:88:27)
    at async init (/home/anupam/.nvm/versions/node/v14.15.1/lib/node_modules/firebase-tools/lib/init/index.js:19:9)
[error] 
[error] Error: Failed to list Firebase projects. See firebase-debug.log for more info.
[debug] [2022-01-28T06:02:20.348Z] ----------------------------------------------------------------------
[debug] [2022-01-28T06:02:20.351Z] Command:       /home/anupam/.nvm/versions/node/v14.15.1/bin/node /home/anupam/.nvm/versions/node/v14.15.1/bin/firebase init
[debug] [2022-01-28T06:02:20.351Z] CLI Version:   10.1.2
[debug] [2022-01-28T06:02:20.351Z] Platform:      linux
[debug] [2022-01-28T06:02:20.351Z] Node Version:  v14.15.1
[debug] [2022-01-28T06:02:20.358Z] Time:          Fri Jan 28 2022 11:32:20 GMT+0530 (India Standard Time)
[debug] [2022-01-28T06:02:20.359Z] ----------------------------------------------------------------------
[debug] 
[debug] [2022-01-28T06:02:20.370Z] > command requires scopes: ["email","openid","https://www.googleapis.com/auth/cloudplatformprojects.readonly","https://www.googleapis.com/auth/firebase","https://www.googleapis.com/auth/cloud-platform"]
[debug] [2022-01-28T06:02:20.370Z] > authorizing via signed-in user (anupamit011@gmail.com)
[info] 
     ######## #### ########  ######## ########     ###     ######  ########
     ##        ##  ##     ## ##       ##     ##  ##   ##  ##       ##
     ######    ##  ########  ######   ########  #########  ######  ######
     ##        ##  ##    ##  ##       ##     ## ##     ##       ## ##
     ##       #### ##     ## ######## ########  ##     ##  ######  ########

You're about to initialize a Firebase project in this directory:

  /home/anupam/helloworld/sidebar

[info] 
=== Project Setup
[info] 
[info] First, let's associate this project directory with a Firebase project.
[info] You can create multiple project aliases by running firebase use --add, 
[info] but for now we'll just set up a default project.
[info] 
[info] i  If you want to create a project in a Google Cloud organization or folder, please use "firebase projects:create" instead, and return to this command when you've created the project. 
[debug] [2022-01-28T06:04:02.395Z] > refreshing access token with scopes: ["email","https://www.googleapis.com/auth/cloud-platform","https://www.googleapis.com/auth/cloudplatformprojects.readonly","https://www.googleapis.com/auth/firebase","openid"]
[debug] [2022-01-28T06:04:02.396Z] >>> HTTP REQUEST POST https://www.googleapis.com/oauth2/v3/token  
 <request body omitted>
[debug] [2022-01-28T06:04:02.952Z] <<< HTTP RESPONSE 400 {"date":"Fri, 28 Jan 2022 06:04:03 GMT","pragma":"no-cache","cache-control":"no-cache, no-store, max-age=0, must-revalidate","expires":"Mon, 01 Jan 1990 00:00:00 GMT","content-type":"application/json; charset=utf-8","vary":"X-Origin, Referer, Origin,Accept-Encoding","server":"scaffolding on HTTPServer2","x-xss-protection":"0","x-frame-options":"SAMEORIGIN","x-content-type-options":"nosniff","alt-svc":"h3=\":443\"; ma=2592000,h3-29=\":443\"; ma=2592000,h3-Q050=\":443\"; ma=2592000,h3-Q046=\":443\"; ma=2592000,h3-Q043=\":443\"; ma=2592000,quic=\":443\"; ma=2592000; v=\"46,43\"","accept-ranges":"none","transfer-encoding":"chunked"}
[debug] [2022-01-28T06:04:02.957Z] >>> HTTP REQUEST POST https://cloudresourcemanager.googleapis.com/v1/projects  
 {"projectId":"sidebarandnav","name":"sidebar"}
[debug] [2022-01-28T06:04:04.751Z] <<< HTTP RESPONSE 401 {"www-authenticate":"Bearer realm=\"https://accounts.google.com/\", error=\"invalid_token\"","vary":"X-Origin, Referer, Origin,Accept-Encoding","content-type":"application/json; charset=UTF-8","date":"Fri, 28 Jan 2022 06:04:05 GMT","server":"ESF","cache-control":"private","x-xss-protection":"0","x-frame-options":"SAMEORIGIN","x-content-type-options":"nosniff","server-timing":"gfet4t7; dur=1325","alt-svc":"h3=\":443\"; ma=2592000,h3-29=\":443\"; ma=2592000,h3-Q050=\":443\"; ma=2592000,h3-Q046=\":443\"; ma=2592000,h3-Q043=\":443\"; ma=2592000,quic=\":443\"; ma=2592000; v=\"46,43\"","accept-ranges":"none","transfer-encoding":"chunked"}
[debug] [2022-01-28T06:04:04.752Z] <<< HTTP RESPONSE BODY {"error":{"code":401,"message":"Request had invalid authentication credentials. Expected OAuth 2 access token, login cookie or other valid authentication credential. See https://developers.google.com/identity/sign-in/web/devconsole-project.","status":"UNAUTHENTICATED"}}
[debug] [2022-01-28T06:04:05.292Z] FirebaseError: HTTP Error: 401, Request had invalid authentication credentials. Expected OAuth 2 access token, login cookie or other valid authentication credential. See https://developers.google.com/identity/sign-in/web/devconsole-project.
    at module.exports (/home/anupam/.nvm/versions/node/v14.15.1/lib/node_modules/firebase-tools/lib/responseToError.js:38:12)
    at Request._callback (/home/anupam/.nvm/versions/node/v14.15.1/lib/node_modules/firebase-tools/lib/api.js:41:35)
    at Request.self.callback (/home/anupam/.nvm/versions/node/v14.15.1/lib/node_modules/firebase-tools/node_modules/request/request.js:185:22)
    at Request.emit (events.js:315:20)
    at Request.EventEmitter.emit (domain.js:486:12)
    at Request.<anonymous> (/home/anupam/.nvm/versions/node/v14.15.1/lib/node_modules/firebase-tools/node_modules/request/request.js:1161:10)
    at Request.emit (events.js:315:20)
    at Request.EventEmitter.emit (domain.js:486:12)
    at IncomingMessage.<anonymous> (/home/anupam/.nvm/versions/node/v14.15.1/lib/node_modules/firebase-tools/node_modules/request/request.js:1083:12)
    at Object.onceWrapper (events.js:421:28)
    at IncomingMessage.emit (events.js:327:22)
    at IncomingMessage.EventEmitter.emit (domain.js:486:12)
    at endReadableNT (_stream_readable.js:1327:12)
    at processTicksAndRejections (internal/process/task_queues.js:80:21)
[error] 
[error] Error: Failed to create project. See firebase-debug.log for more info.
